<?xml version="1.0" encoding="UTF-8"?>
<testsuite xmlns:xsi="http://www.w3.org/2001/XMLSchema-instance" xsi:noNamespaceSchemaLocation="https://maven.apache.org/surefire/maven-surefire-plugin/xsd/surefire-test-report-3.0.xsd" version="3.0" name="edu.school21.service.services.UsersServiceImplTest" time="1.033" tests="1" errors="0" skipped="0" failures="0">
  <properties>
    <property name="java.specification.version" value="17"/>
    <property name="sun.jnu.encoding" value="UTF-8"/>
    <property name="java.class.path" value="/home/newttena/Java_Bootcamp.Day08-1/src/ex02/Service/target/test-classes:/home/newttena/Java_Bootcamp.Day08-1/src/ex02/Service/target/classes:/home/newttena/.m2/repository/org/springframework/spring-context/5.3.19/spring-context-5.3.19.jar:/home/newttena/.m2/repository/org/springframework/spring-aop/5.3.19/spring-aop-5.3.19.jar:/home/newttena/.m2/repository/org/springframework/spring-beans/5.3.19/spring-beans-5.3.19.jar:/home/newttena/.m2/repository/org/springframework/spring-core/5.3.19/spring-core-5.3.19.jar:/home/newttena/.m2/repository/org/springframework/spring-jcl/5.3.19/spring-jcl-5.3.19.jar:/home/newttena/.m2/repository/org/springframework/spring-expression/5.3.19/spring-expression-5.3.19.jar:/home/newttena/.m2/repository/org/springframework/spring-jdbc/5.3.19/spring-jdbc-5.3.19.jar:/home/newttena/.m2/repository/org/springframework/spring-tx/5.3.19/spring-tx-5.3.19.jar:/home/newttena/.m2/repository/com/zaxxer/HikariCP/4.0.3/HikariCP-4.0.3.jar:/home/newttena/.m2/repository/org/slf4j/slf4j-api/2.0.0-alpha1/slf4j-api-2.0.0-alpha1.jar:/home/newttena/.m2/repository/org/postgresql/postgresql/42.7.0/postgresql-42.7.0.jar:/home/newttena/.m2/repository/org/checkerframework/checker-qual/3.31.0/checker-qual-3.31.0.jar:/home/newttena/.m2/repository/org/junit/jupiter/junit-jupiter-api/5.8.1/junit-jupiter-api-5.8.1.jar:/home/newttena/.m2/repository/org/opentest4j/opentest4j/1.2.0/opentest4j-1.2.0.jar:/home/newttena/.m2/repository/org/junit/platform/junit-platform-commons/1.8.1/junit-platform-commons-1.8.1.jar:/home/newttena/.m2/repository/org/apiguardian/apiguardian-api/1.1.2/apiguardian-api-1.1.2.jar:/home/newttena/.m2/repository/org/junit/jupiter/junit-jupiter-engine/5.8.1/junit-jupiter-engine-5.8.1.jar:/home/newttena/.m2/repository/org/junit/platform/junit-platform-engine/1.8.1/junit-platform-engine-1.8.1.jar:/home/newttena/.m2/repository/com/h2database/h2/2.2.224/h2-2.2.224.jar:/home/newttena/.m2/repository/org/springframework/spring-test/5.3.15/spring-test-5.3.15.jar:/home/newttena/.m2/repository/org/springframework/boot/spring-boot-starter-test/2.2.10.RELEASE/spring-boot-starter-test-2.2.10.RELEASE.jar:/home/newttena/.m2/repository/org/springframework/boot/spring-boot-starter/2.2.10.RELEASE/spring-boot-starter-2.2.10.RELEASE.jar:/home/newttena/.m2/repository/org/springframework/boot/spring-boot/2.2.10.RELEASE/spring-boot-2.2.10.RELEASE.jar:/home/newttena/.m2/repository/org/springframework/boot/spring-boot-autoconfigure/2.2.10.RELEASE/spring-boot-autoconfigure-2.2.10.RELEASE.jar:/home/newttena/.m2/repository/org/springframework/boot/spring-boot-starter-logging/2.2.10.RELEASE/spring-boot-starter-logging-2.2.10.RELEASE.jar:/home/newttena/.m2/repository/ch/qos/logback/logback-classic/1.2.3/logback-classic-1.2.3.jar:/home/newttena/.m2/repository/ch/qos/logback/logback-core/1.2.3/logback-core-1.2.3.jar:/home/newttena/.m2/repository/org/apache/logging/log4j/log4j-to-slf4j/2.12.1/log4j-to-slf4j-2.12.1.jar:/home/newttena/.m2/repository/org/apache/logging/log4j/log4j-api/2.12.1/log4j-api-2.12.1.jar:/home/newttena/.m2/repository/org/slf4j/jul-to-slf4j/1.7.30/jul-to-slf4j-1.7.30.jar:/home/newttena/.m2/repository/jakarta/annotation/jakarta.annotation-api/1.3.5/jakarta.annotation-api-1.3.5.jar:/home/newttena/.m2/repository/org/yaml/snakeyaml/1.25/snakeyaml-1.25.jar:/home/newttena/.m2/repository/org/springframework/boot/spring-boot-test/2.2.10.RELEASE/spring-boot-test-2.2.10.RELEASE.jar:/home/newttena/.m2/repository/org/springframework/boot/spring-boot-test-autoconfigure/2.2.10.RELEASE/spring-boot-test-autoconfigure-2.2.10.RELEASE.jar:/home/newttena/.m2/repository/com/jayway/jsonpath/json-path/2.4.0/json-path-2.4.0.jar:/home/newttena/.m2/repository/net/minidev/json-smart/2.3/json-smart-2.3.jar:/home/newttena/.m2/repository/net/minidev/accessors-smart/1.2/accessors-smart-1.2.jar:/home/newttena/.m2/repository/org/ow2/asm/asm/5.0.4/asm-5.0.4.jar:/home/newttena/.m2/repository/jakarta/xml/bind/jakarta.xml.bind-api/2.3.3/jakarta.xml.bind-api-2.3.3.jar:/home/newttena/.m2/repository/jakarta/activation/jakarta.activation-api/1.2.2/jakarta.activation-api-1.2.2.jar:/home/newttena/.m2/repository/org/junit/jupiter/junit-jupiter/5.5.2/junit-jupiter-5.5.2.jar:/home/newttena/.m2/repository/org/junit/jupiter/junit-jupiter-params/5.5.2/junit-jupiter-params-5.5.2.jar:/home/newttena/.m2/repository/org/junit/vintage/junit-vintage-engine/5.5.2/junit-vintage-engine-5.5.2.jar:/home/newttena/.m2/repository/junit/junit/4.12/junit-4.12.jar:/home/newttena/.m2/repository/org/mockito/mockito-junit-jupiter/3.1.0/mockito-junit-jupiter-3.1.0.jar:/home/newttena/.m2/repository/org/assertj/assertj-core/3.13.2/assertj-core-3.13.2.jar:/home/newttena/.m2/repository/org/hamcrest/hamcrest/2.1/hamcrest-2.1.jar:/home/newttena/.m2/repository/org/mockito/mockito-core/3.1.0/mockito-core-3.1.0.jar:/home/newttena/.m2/repository/net/bytebuddy/byte-buddy/1.9.10/byte-buddy-1.9.10.jar:/home/newttena/.m2/repository/net/bytebuddy/byte-buddy-agent/1.9.10/byte-buddy-agent-1.9.10.jar:/home/newttena/.m2/repository/org/objenesis/objenesis/2.6/objenesis-2.6.jar:/home/newttena/.m2/repository/org/skyscreamer/jsonassert/1.5.0/jsonassert-1.5.0.jar:/home/newttena/.m2/repository/com/vaadin/external/google/android-json/0.0.20131108.vaadin1/android-json-0.0.20131108.vaadin1.jar:/home/newttena/.m2/repository/org/xmlunit/xmlunit-core/2.6.4/xmlunit-core-2.6.4.jar:"/>
    <property name="java.vm.vendor" value="Private Build"/>
    <property name="sun.arch.data.model" value="64"/>
    <property name="java.vendor.url" value="Unknown"/>
    <property name="user.timezone" value="Europe/Moscow"/>
    <property name="os.name" value="Linux"/>
    <property name="java.vm.specification.version" value="17"/>
    <property name="sun.java.launcher" value="SUN_STANDARD"/>
    <property name="user.country" value="RU"/>
    <property name="sun.boot.library.path" value="/usr/lib/jvm/java-17-openjdk-amd64/lib"/>
    <property name="sun.java.command" value="/home/newttena/Java_Bootcamp.Day08-1/src/ex02/Service/target/surefire/surefirebooter-20231210140222458_3.jar /home/newttena/Java_Bootcamp.Day08-1/src/ex02/Service/target/surefire 2023-12-10T14-02-19_320-jvmRun1 surefire-20231210140222458_1tmp surefire_0-20231210140222458_2tmp"/>
    <property name="jdk.debug" value="release"/>
    <property name="surefire.test.class.path" value="/home/newttena/Java_Bootcamp.Day08-1/src/ex02/Service/target/test-classes:/home/newttena/Java_Bootcamp.Day08-1/src/ex02/Service/target/classes:/home/newttena/.m2/repository/org/springframework/spring-context/5.3.19/spring-context-5.3.19.jar:/home/newttena/.m2/repository/org/springframework/spring-aop/5.3.19/spring-aop-5.3.19.jar:/home/newttena/.m2/repository/org/springframework/spring-beans/5.3.19/spring-beans-5.3.19.jar:/home/newttena/.m2/repository/org/springframework/spring-core/5.3.19/spring-core-5.3.19.jar:/home/newttena/.m2/repository/org/springframework/spring-jcl/5.3.19/spring-jcl-5.3.19.jar:/home/newttena/.m2/repository/org/springframework/spring-expression/5.3.19/spring-expression-5.3.19.jar:/home/newttena/.m2/repository/org/springframework/spring-jdbc/5.3.19/spring-jdbc-5.3.19.jar:/home/newttena/.m2/repository/org/springframework/spring-tx/5.3.19/spring-tx-5.3.19.jar:/home/newttena/.m2/repository/com/zaxxer/HikariCP/4.0.3/HikariCP-4.0.3.jar:/home/newttena/.m2/repository/org/slf4j/slf4j-api/2.0.0-alpha1/slf4j-api-2.0.0-alpha1.jar:/home/newttena/.m2/repository/org/postgresql/postgresql/42.7.0/postgresql-42.7.0.jar:/home/newttena/.m2/repository/org/checkerframework/checker-qual/3.31.0/checker-qual-3.31.0.jar:/home/newttena/.m2/repository/org/junit/jupiter/junit-jupiter-api/5.8.1/junit-jupiter-api-5.8.1.jar:/home/newttena/.m2/repository/org/opentest4j/opentest4j/1.2.0/opentest4j-1.2.0.jar:/home/newttena/.m2/repository/org/junit/platform/junit-platform-commons/1.8.1/junit-platform-commons-1.8.1.jar:/home/newttena/.m2/repository/org/apiguardian/apiguardian-api/1.1.2/apiguardian-api-1.1.2.jar:/home/newttena/.m2/repository/org/junit/jupiter/junit-jupiter-engine/5.8.1/junit-jupiter-engine-5.8.1.jar:/home/newttena/.m2/repository/org/junit/platform/junit-platform-engine/1.8.1/junit-platform-engine-1.8.1.jar:/home/newttena/.m2/repository/com/h2database/h2/2.2.224/h2-2.2.224.jar:/home/newttena/.m2/repository/org/springframework/spring-test/5.3.15/spring-test-5.3.15.jar:/home/newttena/.m2/repository/org/springframework/boot/spring-boot-starter-test/2.2.10.RELEASE/spring-boot-starter-test-2.2.10.RELEASE.jar:/home/newttena/.m2/repository/org/springframework/boot/spring-boot-starter/2.2.10.RELEASE/spring-boot-starter-2.2.10.RELEASE.jar:/home/newttena/.m2/repository/org/springframework/boot/spring-boot/2.2.10.RELEASE/spring-boot-2.2.10.RELEASE.jar:/home/newttena/.m2/repository/org/springframework/boot/spring-boot-autoconfigure/2.2.10.RELEASE/spring-boot-autoconfigure-2.2.10.RELEASE.jar:/home/newttena/.m2/repository/org/springframework/boot/spring-boot-starter-logging/2.2.10.RELEASE/spring-boot-starter-logging-2.2.10.RELEASE.jar:/home/newttena/.m2/repository/ch/qos/logback/logback-classic/1.2.3/logback-classic-1.2.3.jar:/home/newttena/.m2/repository/ch/qos/logback/logback-core/1.2.3/logback-core-1.2.3.jar:/home/newttena/.m2/repository/org/apache/logging/log4j/log4j-to-slf4j/2.12.1/log4j-to-slf4j-2.12.1.jar:/home/newttena/.m2/repository/org/apache/logging/log4j/log4j-api/2.12.1/log4j-api-2.12.1.jar:/home/newttena/.m2/repository/org/slf4j/jul-to-slf4j/1.7.30/jul-to-slf4j-1.7.30.jar:/home/newttena/.m2/repository/jakarta/annotation/jakarta.annotation-api/1.3.5/jakarta.annotation-api-1.3.5.jar:/home/newttena/.m2/repository/org/yaml/snakeyaml/1.25/snakeyaml-1.25.jar:/home/newttena/.m2/repository/org/springframework/boot/spring-boot-test/2.2.10.RELEASE/spring-boot-test-2.2.10.RELEASE.jar:/home/newttena/.m2/repository/org/springframework/boot/spring-boot-test-autoconfigure/2.2.10.RELEASE/spring-boot-test-autoconfigure-2.2.10.RELEASE.jar:/home/newttena/.m2/repository/com/jayway/jsonpath/json-path/2.4.0/json-path-2.4.0.jar:/home/newttena/.m2/repository/net/minidev/json-smart/2.3/json-smart-2.3.jar:/home/newttena/.m2/repository/net/minidev/accessors-smart/1.2/accessors-smart-1.2.jar:/home/newttena/.m2/repository/org/ow2/asm/asm/5.0.4/asm-5.0.4.jar:/home/newttena/.m2/repository/jakarta/xml/bind/jakarta.xml.bind-api/2.3.3/jakarta.xml.bind-api-2.3.3.jar:/home/newttena/.m2/repository/jakarta/activation/jakarta.activation-api/1.2.2/jakarta.activation-api-1.2.2.jar:/home/newttena/.m2/repository/org/junit/jupiter/junit-jupiter/5.5.2/junit-jupiter-5.5.2.jar:/home/newttena/.m2/repository/org/junit/jupiter/junit-jupiter-params/5.5.2/junit-jupiter-params-5.5.2.jar:/home/newttena/.m2/repository/org/junit/vintage/junit-vintage-engine/5.5.2/junit-vintage-engine-5.5.2.jar:/home/newttena/.m2/repository/junit/junit/4.12/junit-4.12.jar:/home/newttena/.m2/repository/org/mockito/mockito-junit-jupiter/3.1.0/mockito-junit-jupiter-3.1.0.jar:/home/newttena/.m2/repository/org/assertj/assertj-core/3.13.2/assertj-core-3.13.2.jar:/home/newttena/.m2/repository/org/hamcrest/hamcrest/2.1/hamcrest-2.1.jar:/home/newttena/.m2/repository/org/mockito/mockito-core/3.1.0/mockito-core-3.1.0.jar:/home/newttena/.m2/repository/net/bytebuddy/byte-buddy/1.9.10/byte-buddy-1.9.10.jar:/home/newttena/.m2/repository/net/bytebuddy/byte-buddy-agent/1.9.10/byte-buddy-agent-1.9.10.jar:/home/newttena/.m2/repository/org/objenesis/objenesis/2.6/objenesis-2.6.jar:/home/newttena/.m2/repository/org/skyscreamer/jsonassert/1.5.0/jsonassert-1.5.0.jar:/home/newttena/.m2/repository/com/vaadin/external/google/android-json/0.0.20131108.vaadin1/android-json-0.0.20131108.vaadin1.jar:/home/newttena/.m2/repository/org/xmlunit/xmlunit-core/2.6.4/xmlunit-core-2.6.4.jar:"/>
    <property name="sun.cpu.endian" value="little"/>
    <property name="user.home" value="/home/newttena"/>
    <property name="user.language" value="ru"/>
    <property name="java.specification.vendor" value="Oracle Corporation"/>
    <property name="java.version.date" value="2023-10-17"/>
    <property name="java.home" value="/usr/lib/jvm/java-17-openjdk-amd64"/>
    <property name="file.separator" value="/"/>
    <property name="basedir" value="/home/newttena/Java_Bootcamp.Day08-1/src/ex02/Service"/>
    <property name="java.vm.compressedOopsMode" value="Zero based"/>
    <property name="line.separator" value="&#10;"/>
    <property name="java.specification.name" value="Java Platform API Specification"/>
    <property name="java.vm.specification.vendor" value="Oracle Corporation"/>
    <property name="java.awt.headless" value="true"/>
    <property name="surefire.real.class.path" value="/home/newttena/Java_Bootcamp.Day08-1/src/ex02/Service/target/surefire/surefirebooter-20231210140222458_3.jar"/>
    <property name="sun.management.compiler" value="HotSpot 64-Bit Tiered Compilers"/>
    <property name="java.runtime.version" value="17.0.9+9-Ubuntu-123.10"/>
    <property name="user.name" value="newttena"/>
    <property name="path.separator" value=":"/>
    <property name="os.version" value="6.5.0-14-generic"/>
    <property name="java.runtime.name" value="OpenJDK Runtime Environment"/>
    <property name="file.encoding" value="UTF-8"/>
    <property name="spring.beaninfo.ignore" value="true"/>
    <property name="java.vm.name" value="OpenJDK 64-Bit Server VM"/>
    <property name="localRepository" value="/home/newttena/.m2/repository"/>
    <property name="java.vendor.url.bug" value="Unknown"/>
    <property name="java.io.tmpdir" value="/tmp"/>
    <property name="java.version" value="17.0.9"/>
    <property name="user.dir" value="/home/newttena/Java_Bootcamp.Day08-1/src/ex02/Service"/>
    <property name="os.arch" value="amd64"/>
    <property name="java.vm.specification.name" value="Java Virtual Machine Specification"/>
    <property name="PID" value="53793"/>
    <property name="native.encoding" value="UTF-8"/>
    <property name="java.library.path" value="/usr/java/packages/lib:/usr/lib/x86_64-linux-gnu/jni:/lib/x86_64-linux-gnu:/usr/lib/x86_64-linux-gnu:/usr/lib/jni:/lib:/usr/lib"/>
    <property name="java.vm.info" value="mixed mode, sharing"/>
    <property name="java.vendor" value="Private Build"/>
    <property name="java.vm.version" value="17.0.9+9-Ubuntu-123.10"/>
    <property name="sun.io.unicode.encoding" value="UnicodeLittle"/>
    <property name="java.class.version" value="61.0"/>
  </properties>
  <testcase name="testSignUp" classname="edu.school21.service.services.UsersServiceImplTest" time="0.233">
    <system-out><![CDATA[
  .   ____          _            __ _ _
 /\\ / ___'_ __ _ _(_)_ __  __ _ \ \ \ \
( ( )\___ | '_ | '_| | '_ \/ _` | \ \ \ \
 \\/  ___)| |_)| | | | | || (_| |  ) ) ) )
  '  |____| .__|_| |_|_| |_\__, | / / / /
 =========|_|==============|___/=/_/_/_/
 :: Spring Boot ::       (v2.2.10.RELEASE)

]]></system-out>
    <system-err><![CDATA[SLF4J: No SLF4J providers were found.
SLF4J: Defaulting to no-operation (NOP) logger implementation
SLF4J: See http://www.slf4j.org/codes.html#noProviders for further details.
SLF4J: Class path contains SLF4J bindings targeting slf4j-api versions prior to 1.8.
SLF4J: Ignoring binding found at [jar:file:/home/newttena/.m2/repository/ch/qos/logback/logback-classic/1.2.3/logback-classic-1.2.3.jar!/org/slf4j/impl/StaticLoggerBinder.class]
SLF4J: See http://www.slf4j.org/codes.html#ignoredBindings for an explanation.
]]></system-err>
  </testcase>
</testsuite>